2024-08-19 02:28:20,117 - INFO - GestureRecognizer initialized
2024-08-19 02:28:20,895 - INFO - Processing first frame: shape=(480, 640, 3), dtype=uint8
2024-08-19 02:28:20,896 - INFO - First few pixels: [[0 0 0]
 [0 0 0]
 [0 0 1]
 [0 0 2]
 [0 0 2]]
2024-08-19 02:31:30,645 - INFO - GestureRecognizer initialized
2024-08-19 02:33:01,538 - INFO - GestureRecognizer initialized
2024-08-19 02:33:02,181 - INFO - Processing first frame: shape=(480, 640, 3), dtype=uint8
2024-08-19 02:33:02,182 - INFO - First few pixels: [[1 3 7]
 [1 3 7]
 [1 3 7]
 [1 3 7]
 [1 3 7]]
2024-08-19 11:39:25,124 - INFO - GestureRecognizer initialized
2024-08-19 11:39:25,910 - INFO - Processing first frame: shape=(480, 640, 3), dtype=uint8
2024-08-19 11:39:25,915 - INFO - First few pixels: [[5 5 5]
 [5 5 5]
 [5 5 5]
 [3 3 3]
 [5 5 5]]
2024-08-19 11:44:56,263 - INFO - GestureRecognizer initialized
2024-08-19 11:44:56,915 - INFO - Processing first frame: shape=(480, 640, 3), dtype=uint8
2024-08-19 11:44:56,915 - INFO - First few pixels: [[13 21 25]
 [11 18 22]
 [13 20 22]
 [13 20 22]
 [13 21 24]]
2024-08-19 12:05:08,126 - INFO - GestureRecognizer initialized
2024-08-19 12:05:08,780 - INFO - Processing first frame: shape=(480, 640, 3), dtype=uint8
2024-08-19 12:05:08,781 - INFO - First few pixels: [[24 33 33]
 [23 32 32]
 [23 32 33]
 [23 32 33]
 [24 33 33]]
